<?xml version="1.0" encoding="UTF-8"?>
<!-- Generated by org.testng.reporters.JUnitReportReporter -->
<testsuite hostname="DESKTOP-HVK5D40" failures="0" tests="1" name="Tests.HotstarTest" time="12.203" errors="0" timestamp="2025-10-08T12:08:39 IST" skipped="0">
  <testcase classname="Tests.HotstarTest" name="test01" time="12.203"/>
</testsuite> <!-- Tests.HotstarTest -->
