<?xml version="1.0" encoding="UTF-8"?>
<!-- Generated by org.testng.reporters.JUnitReportReporter -->
<testsuite hostname="DESKTOP-HVK5D40" failures="0" tests="1" name="Tests.Zee5Test" time="12.617" errors="0" timestamp="2025-10-08T12:04:50 IST" skipped="0">
  <testcase classname="Tests.Zee5Test" name="test" time="12.617"/>
</testsuite> <!-- Tests.Zee5Test -->
