<?xml version="1.0" encoding="UTF-8"?>
<!-- Generated by org.testng.reporters.JUnitReportReporter -->
<testsuite hostname="DESKTOP-HVK5D40" failures="0" tests="1" name="Tests.BookMyShowTest" time="0.178" errors="0" timestamp="2025-10-07T16:06:01 IST" skipped="0">
  <testcase classname="Tests.BookMyShowTest" name="test" time="0.178"/>
</testsuite> <!-- Tests.BookMyShowTest -->
