<?xml version="1.0" encoding="UTF-8"?>
<!-- Generated by org.testng.reporters.JUnitReportReporter -->
<testsuite hostname="DESKTOP-HVK5D40" failures="0" tests="1" name="Tests.HotstarTest" time="9.863" errors="0" timestamp="2025-10-01T15:14:41 IST" skipped="0">
  <testcase classname="Tests.HotstarTest" name="test01" time="9.863"/>
</testsuite> <!-- Tests.HotstarTest -->
