<?xml version="1.0" encoding="UTF-8"?>
<!-- Generated by org.testng.reporters.JUnitReportReporter -->
<testsuite hostname="DESKTOP-HVK5D40" failures="0" tests="1" name="Tests.FlipKartTest" time="0.192" errors="0" timestamp="2025-10-07T16:13:17 IST" skipped="0">
  <testcase classname="Tests.FlipKartTest" name="test" time="0.192"/>
</testsuite> <!-- Tests.FlipKartTest -->
