<?xml version="1.0" encoding="UTF-8"?>
<!-- Generated by org.testng.reporters.JUnitReportReporter -->
<testsuite hostname="DESKTOP-HVK5D40" failures="0" tests="1" name="Tests.JioSaavnTest" time="13.999" errors="0" timestamp="2025-10-08T12:04:20 IST" skipped="0">
  <testcase classname="Tests.JioSaavnTest" name="test" time="13.999"/>
</testsuite> <!-- Tests.JioSaavnTest -->
